app/build/intermediates/manifest_merge_blame_file/release/processReleaseMainManifest/manifest-merger-blame-release-report.txt
1<?xml version="1.0" encoding="utf-8"?>
2<!--
3    Copyright 2019 Google Inc. All Rights Reserved.
4
5     Licensed under the Apache License, Version 2.0 (the "License");
6     you may not use this file except in compliance with the License.
7     You may obtain a copy of the License at
8
9         http://www.apache.org/licenses/LICENSE-2.0
10
11     Unless required by applicable law or agreed to in writing, software
12     distributed under the License is distributed on an "AS IS" BASIS,
13     WITHOUT WARRANTIES OR CONDITIONS OF ANY KIND, either express or implied.
14     See the License for the specific language governing permissions and
15     limitations under the License.
16-->
17<!--
18 The "package" attribute is rewritten by the Gradle build with the value of applicationId.
19     It is still required here, as it is used to derive paths, for instance when referring
20     to an Activity by ".MyActivity" instead of the full name. If more Activities are added to the
21     application, the package attribute will need to reflect the correct path in order to use
22     the abbreviated format.
23-->
24<manifest xmlns:android="http://schemas.android.com/apk/res/android"
25    package="app.minhai.www.twa"
26    android:versionCode="2"
27    android:versionName="1.1" >
28
29    <uses-sdk
30        android:minSdkVersion="23"
31        android:targetSdkVersion="35" />
32
33    <uses-permission android:name="android.permission.POST_NOTIFICATIONS" />
33-->src/main/AndroidManifest.xml:26:9-80
33-->src/main/AndroidManifest.xml:26:26-78
34    <uses-permission android:name="android.permission.ACCESS_FINE_LOCATION" />
34-->[com.google.androidbrowserhelper:locationdelegation:1.1.2] AndroidManifest.xml:7:5-79
34-->[com.google.androidbrowserhelper:locationdelegation:1.1.2] AndroidManifest.xml:7:22-76
35    <uses-permission android:name="android.permission.ACCESS_COARSE_LOCATION" />
35-->[com.google.androidbrowserhelper:locationdelegation:1.1.2] AndroidManifest.xml:8:5-81
35-->[com.google.androidbrowserhelper:locationdelegation:1.1.2] AndroidManifest.xml:8:22-78
36
37    <queries>
37-->[com.google.androidbrowserhelper:androidbrowserhelper:2.6.2] AndroidManifest.xml:22:5-30:15
38        <intent>
38-->[com.google.androidbrowserhelper:androidbrowserhelper:2.6.2] AndroidManifest.xml:23:9-29:18
39            <action android:name="android.intent.action.VIEW" />
39-->src/main/AndroidManifest.xml:148:17-68
39-->src/main/AndroidManifest.xml:148:25-66
40
41            <category android:name="android.intent.category.BROWSABLE" />
41-->src/main/AndroidManifest.xml:150:17-77
41-->src/main/AndroidManifest.xml:150:27-75
42
43            <data android:scheme="https" />
43-->src/main/AndroidManifest.xml:151:17-154:19
43-->src/main/AndroidManifest.xml:151:23-45
44        </intent>
45    </queries>
46
47    <uses-permission android:name="android.permission.ACCESS_NETWORK_STATE" />
47-->[com.google.firebase:firebase-messaging:25.0.2] AndroidManifest.xml:22:5-79
47-->[com.google.firebase:firebase-messaging:25.0.2] AndroidManifest.xml:22:22-76
48    <uses-permission android:name="android.permission.WAKE_LOCK" /> <!-- Required by older versions of Google Play services to create IID tokens -->
48-->[com.google.firebase:firebase-messaging:25.0.2] AndroidManifest.xml:24:5-68
48-->[com.google.firebase:firebase-messaging:25.0.2] AndroidManifest.xml:24:22-65
49    <uses-permission android:name="com.google.android.c2dm.permission.RECEIVE" />
49-->[com.google.firebase:firebase-messaging:25.0.2] AndroidManifest.xml:26:5-82
49-->[com.google.firebase:firebase-messaging:25.0.2] AndroidManifest.xml:26:22-79
50    <uses-permission android:name="android.permission.INTERNET" />
50-->[com.google.firebase:firebase-installations:19.1.0] AndroidManifest.xml:8:5-67
50-->[com.google.firebase:firebase-installations:19.1.0] AndroidManifest.xml:8:22-64
51
52    <permission
52-->[androidx.core:core:1.13.0] AndroidManifest.xml:22:5-24:47
53        android:name="app.minhai.www.twa.DYNAMIC_RECEIVER_NOT_EXPORTED_PERMISSION"
53-->[androidx.core:core:1.13.0] AndroidManifest.xml:23:9-81
54        android:protectionLevel="signature" />
54-->[androidx.core:core:1.13.0] AndroidManifest.xml:24:9-44
55
56    <uses-permission android:name="app.minhai.www.twa.DYNAMIC_RECEIVER_NOT_EXPORTED_PERMISSION" />
56-->[androidx.core:core:1.13.0] AndroidManifest.xml:26:5-97
56-->[androidx.core:core:1.13.0] AndroidManifest.xml:26:22-94
57
58    <application
58-->src/main/AndroidManifest.xml:35:5-202:19
59        android:name="app.minhai.www.twa.Application"
59-->src/main/AndroidManifest.xml:36:9-35
60        android:allowBackup="true"
60-->src/main/AndroidManifest.xml:37:9-35
61        android:appComponentFactory="androidx.core.app.CoreComponentFactory"
61-->[androidx.core:core:1.13.0] AndroidManifest.xml:28:18-86
62        android:extractNativeLibs="false"
63        android:icon="@mipmap/ic_launcher"
63-->src/main/AndroidManifest.xml:38:9-43
64        android:label="@string/appName"
64-->src/main/AndroidManifest.xml:39:9-40
65        android:manageSpaceActivity="com.google.androidbrowserhelper.trusted.ManageDataLauncherActivity"
65-->src/main/AndroidManifest.xml:41:9-105
66        android:supportsRtl="true"
66-->src/main/AndroidManifest.xml:43:9-35
67        android:theme="@android:style/Theme.Translucent.NoTitleBar" >
67-->src/main/AndroidManifest.xml:44:9-68
68        <meta-data
68-->src/main/AndroidManifest.xml:46:9-48:58
69            android:name="asset_statements"
69-->src/main/AndroidManifest.xml:47:13-44
70            android:resource="@string/assetStatements" />
70-->src/main/AndroidManifest.xml:48:13-55
71        <meta-data
71-->src/main/AndroidManifest.xml:51:13-53:58
72            android:name="web_manifest_url"
72-->src/main/AndroidManifest.xml:52:17-48
73            android:value="@string/webManifestUrl" />
73-->src/main/AndroidManifest.xml:53:17-55
74        <meta-data
74-->src/main/AndroidManifest.xml:56:9-58:52
75            android:name="twa_generator"
75-->src/main/AndroidManifest.xml:57:13-41
76            android:value="@string/generatorApp" />
76-->src/main/AndroidManifest.xml:58:13-49
77
78        <activity
78-->src/main/AndroidManifest.xml:65:13-76:24
79            android:name="com.google.androidbrowserhelper.trusted.ManageDataLauncherActivity"
79-->src/main/AndroidManifest.xml:65:23-104
80            android:enabled="true"
80-->src/main/AndroidManifest.xml:67:17-39
81            android:excludeFromRecents="true"
81-->src/main/AndroidManifest.xml:68:17-50
82            android:exported="false" >
82-->src/main/AndroidManifest.xml:66:17-41
83            <meta-data
83-->src/main/AndroidManifest.xml:69:17-71:57
84                android:name="android.support.customtabs.trusted.MANAGE_SPACE_URL"
84-->src/main/AndroidManifest.xml:70:21-87
85                android:value="@string/launchUrl" />
85-->src/main/AndroidManifest.xml:71:21-54
86
87            <intent-filter>
87-->src/main/AndroidManifest.xml:72:17-75:33
88                <action android:name="android.intent.action.APPLICATION_PREFERENCES" />
88-->src/main/AndroidManifest.xml:73:21-92
88-->src/main/AndroidManifest.xml:73:29-89
89
90                <category android:name="android.intent.category.DEFAULT" />
90-->src/main/AndroidManifest.xml:74:21-80
90-->src/main/AndroidManifest.xml:74:31-77
91            </intent-filter>
92        </activity>
93        <activity
93-->src/main/AndroidManifest.xml:79:9-160:20
94            android:name="app.minhai.www.twa.LauncherActivity"
94-->src/main/AndroidManifest.xml:79:19-50
95            android:alwaysRetainTaskState="true"
95-->src/main/AndroidManifest.xml:80:13-49
96            android:exported="true"
96-->src/main/AndroidManifest.xml:82:13-36
97            android:label="@string/launcherName" >
97-->src/main/AndroidManifest.xml:81:13-49
98            <meta-data
98-->src/main/AndroidManifest.xml:83:13-84:53
99                android:name="android.support.customtabs.trusted.DEFAULT_URL"
99-->src/main/AndroidManifest.xml:83:24-85
100                android:value="@string/launchUrl" />
100-->src/main/AndroidManifest.xml:84:17-50
101            <meta-data
101-->src/main/AndroidManifest.xml:86:13-88:58
102                android:name="android.support.customtabs.trusted.STATUS_BAR_COLOR"
102-->src/main/AndroidManifest.xml:87:17-83
103                android:resource="@color/colorPrimary" />
103-->src/main/AndroidManifest.xml:88:17-55
104            <meta-data
104-->src/main/AndroidManifest.xml:92:13-94:62
105                android:name="android.support.customtabs.trusted.STATUS_BAR_COLOR_DARK"
105-->src/main/AndroidManifest.xml:93:17-88
106                android:resource="@color/colorPrimaryDark" />
106-->src/main/AndroidManifest.xml:94:17-59
107            <meta-data
107-->src/main/AndroidManifest.xml:96:13-98:61
108                android:name="android.support.customtabs.trusted.NAVIGATION_BAR_COLOR"
108-->src/main/AndroidManifest.xml:97:17-87
109                android:resource="@color/navigationColor" />
109-->src/main/AndroidManifest.xml:98:17-58
110            <meta-data
110-->src/main/AndroidManifest.xml:100:13-102:65
111                android:name="android.support.customtabs.trusted.NAVIGATION_BAR_COLOR_DARK"
111-->src/main/AndroidManifest.xml:101:17-92
112                android:resource="@color/navigationColorDark" />
112-->src/main/AndroidManifest.xml:102:17-62
113            <meta-data
113-->src/main/AndroidManifest.xml:104:13-106:68
114                android:name="androix.browser.trusted.NAVIGATION_BAR_DIVIDER_COLOR"
114-->src/main/AndroidManifest.xml:105:17-84
115                android:resource="@color/navigationDividerColor" />
115-->src/main/AndroidManifest.xml:106:17-65
116            <meta-data
116-->src/main/AndroidManifest.xml:108:13-110:72
117                android:name="androix.browser.trusted.NAVIGATION_BAR_DIVIDER_COLOR_DARK"
117-->src/main/AndroidManifest.xml:109:17-89
118                android:resource="@color/navigationDividerColorDark" />
118-->src/main/AndroidManifest.xml:110:17-69
119            <meta-data
119-->src/main/AndroidManifest.xml:112:13-113:54
120                android:name="android.support.customtabs.trusted.SPLASH_IMAGE_DRAWABLE"
120-->src/main/AndroidManifest.xml:112:24-95
121                android:resource="@drawable/splash" />
121-->src/main/AndroidManifest.xml:113:17-52
122            <meta-data
122-->src/main/AndroidManifest.xml:115:13-116:60
123                android:name="android.support.customtabs.trusted.SPLASH_SCREEN_BACKGROUND_COLOR"
123-->src/main/AndroidManifest.xml:115:24-104
124                android:resource="@color/backgroundColor" />
124-->src/main/AndroidManifest.xml:116:17-58
125            <meta-data
125-->src/main/AndroidManifest.xml:118:13-119:71
126                android:name="android.support.customtabs.trusted.SPLASH_SCREEN_FADE_OUT_DURATION"
126-->src/main/AndroidManifest.xml:118:24-105
127                android:value="@integer/splashScreenFadeOutDuration" />
127-->src/main/AndroidManifest.xml:119:17-69
128            <meta-data
128-->src/main/AndroidManifest.xml:121:13-122:60
129                android:name="android.support.customtabs.trusted.FILE_PROVIDER_AUTHORITY"
129-->src/main/AndroidManifest.xml:121:24-97
130                android:value="@string/providerAuthority" />
130-->src/main/AndroidManifest.xml:122:17-58
131            <meta-data
131-->src/main/AndroidManifest.xml:124:13-97
132                android:name="android.app.shortcuts"
132-->src/main/AndroidManifest.xml:124:24-60
133                android:resource="@xml/shortcuts" />
133-->src/main/AndroidManifest.xml:124:61-94
134            <meta-data
134-->src/main/AndroidManifest.xml:126:13-127:56
135                android:name="android.support.customtabs.trusted.FALLBACK_STRATEGY"
135-->src/main/AndroidManifest.xml:126:24-91
136                android:value="@string/fallbackType" />
136-->src/main/AndroidManifest.xml:127:17-53
137            <meta-data
137-->src/main/AndroidManifest.xml:133:13-134:54
138                android:name="android.support.customtabs.trusted.SCREEN_ORIENTATION"
138-->src/main/AndroidManifest.xml:133:24-92
139                android:value="@string/orientation" />
139-->src/main/AndroidManifest.xml:134:17-52
140
141            <intent-filter>
141-->src/main/AndroidManifest.xml:142:13-145:29
142                <action android:name="android.intent.action.MAIN" />
142-->src/main/AndroidManifest.xml:143:17-69
142-->src/main/AndroidManifest.xml:143:25-66
143
144                <category android:name="android.intent.category.LAUNCHER" />
144-->src/main/AndroidManifest.xml:144:17-77
144-->src/main/AndroidManifest.xml:144:27-74
145            </intent-filter>
146            <intent-filter android:autoVerify="true" >
146-->src/main/AndroidManifest.xml:147:13-155:29
146-->src/main/AndroidManifest.xml:147:28-53
147                <action android:name="android.intent.action.VIEW" />
147-->src/main/AndroidManifest.xml:148:17-68
147-->src/main/AndroidManifest.xml:148:25-66
148
149                <category android:name="android.intent.category.DEFAULT" />
149-->src/main/AndroidManifest.xml:74:21-80
149-->src/main/AndroidManifest.xml:74:31-77
150                <category android:name="android.intent.category.BROWSABLE" />
150-->src/main/AndroidManifest.xml:150:17-77
150-->src/main/AndroidManifest.xml:150:27-75
151
152                <data
152-->src/main/AndroidManifest.xml:151:17-154:19
153                    android:host="@string/hostName"
153-->src/main/AndroidManifest.xml:152:21-52
154                    android:scheme="https" />
154-->src/main/AndroidManifest.xml:151:23-45
155            </intent-filter>
156        </activity>
157        <activity android:name="com.google.androidbrowserhelper.trusted.FocusActivity" />
157-->src/main/AndroidManifest.xml:162:9-90
157-->src/main/AndroidManifest.xml:162:19-87
158        <activity
158-->src/main/AndroidManifest.xml:164:9-165:62
159            android:name="com.google.androidbrowserhelper.trusted.WebViewFallbackActivity"
159-->src/main/AndroidManifest.xml:164:19-97
160            android:configChanges="orientation|screenSize" />
160-->src/main/AndroidManifest.xml:165:13-59
161
162        <provider
162-->src/main/AndroidManifest.xml:167:9-175:20
163            android:name="androidx.core.content.FileProvider"
163-->src/main/AndroidManifest.xml:168:13-62
164            android:authorities="@string/providerAuthority"
164-->src/main/AndroidManifest.xml:169:13-60
165            android:exported="false"
165-->src/main/AndroidManifest.xml:171:13-37
166            android:grantUriPermissions="true" >
166-->src/main/AndroidManifest.xml:170:13-47
167            <meta-data
167-->src/main/AndroidManifest.xml:172:13-174:53
168                android:name="android.support.FILE_PROVIDER_PATHS"
168-->src/main/AndroidManifest.xml:173:17-67
169                android:resource="@xml/filepaths" />
169-->src/main/AndroidManifest.xml:174:17-50
170        </provider>
171
172        <service
172-->src/main/AndroidManifest.xml:177:9-192:19
173            android:name="app.minhai.www.twa.DelegationService"
173-->src/main/AndroidManifest.xml:178:13-46
174            android:enabled="@bool/enableNotification"
174-->src/main/AndroidManifest.xml:179:13-55
175            android:exported="@bool/enableNotification" >
175-->src/main/AndroidManifest.xml:180:13-56
176            <meta-data
176-->src/main/AndroidManifest.xml:183:17-185:73
177                android:name="android.support.customtabs.trusted.SMALL_ICON"
177-->src/main/AndroidManifest.xml:184:21-81
178                android:resource="@drawable/ic_notification_icon" />
178-->src/main/AndroidManifest.xml:185:21-70
179
180            <intent-filter>
180-->src/main/AndroidManifest.xml:188:13-191:29
181                <action android:name="android.support.customtabs.trusted.TRUSTED_WEB_ACTIVITY_SERVICE" />
181-->src/main/AndroidManifest.xml:189:17-105
181-->src/main/AndroidManifest.xml:189:25-103
182
183                <category android:name="android.intent.category.DEFAULT" />
183-->src/main/AndroidManifest.xml:74:21-80
183-->src/main/AndroidManifest.xml:74:31-77
184            </intent-filter>
185        </service>
186
187        <activity android:name="com.google.androidbrowserhelper.trusted.NotificationPermissionRequestActivity" />
187-->src/main/AndroidManifest.xml:195:13-118
187-->src/main/AndroidManifest.xml:195:23-115
188        <activity android:name="com.google.androidbrowserhelper.locationdelegation.PermissionRequestActivity" />
188-->src/main/AndroidManifest.xml:199:13-200:89
188-->src/main/AndroidManifest.xml:199:23-123
189
190        <receiver
190-->[com.google.firebase:firebase-messaging:25.0.2] AndroidManifest.xml:29:9-40:20
191            android:name="com.google.firebase.iid.FirebaseInstanceIdReceiver"
191-->[com.google.firebase:firebase-messaging:25.0.2] AndroidManifest.xml:30:13-78
192            android:exported="true"
192-->[com.google.firebase:firebase-messaging:25.0.2] AndroidManifest.xml:31:13-36
193            android:permission="com.google.android.c2dm.permission.SEND" >
193-->[com.google.firebase:firebase-messaging:25.0.2] AndroidManifest.xml:32:13-73
194            <intent-filter>
194-->[com.google.firebase:firebase-messaging:25.0.2] AndroidManifest.xml:33:13-35:29
195                <action android:name="com.google.android.c2dm.intent.RECEIVE" />
195-->[com.google.firebase:firebase-messaging:25.0.2] AndroidManifest.xml:34:17-81
195-->[com.google.firebase:firebase-messaging:25.0.2] AndroidManifest.xml:34:25-78
196            </intent-filter>
197
198            <meta-data
198-->[com.google.firebase:firebase-messaging:25.0.2] AndroidManifest.xml:37:13-39:40
199                android:name="com.google.android.gms.cloudmessaging.FINISHED_AFTER_HANDLED"
199-->[com.google.firebase:firebase-messaging:25.0.2] AndroidManifest.xml:38:17-92
200                android:value="true" />
200-->[com.google.firebase:firebase-messaging:25.0.2] AndroidManifest.xml:39:17-37
201        </receiver>
202        <!--
203             FirebaseMessagingService performs security checks at runtime,
204             but set to not exported to explicitly avoid allowing another app to call it.
205        -->
206        <service
206-->[com.google.firebase:firebase-messaging:25.0.2] AndroidManifest.xml:46:9-53:19
207            android:name="com.google.firebase.messaging.FirebaseMessagingService"
207-->[com.google.firebase:firebase-messaging:25.0.2] AndroidManifest.xml:47:13-82
208            android:directBootAware="true"
208-->[com.google.firebase:firebase-messaging:25.0.2] AndroidManifest.xml:48:13-43
209            android:exported="false" >
209-->[com.google.firebase:firebase-messaging:25.0.2] AndroidManifest.xml:49:13-37
210            <intent-filter android:priority="-500" >
210-->[com.google.firebase:firebase-messaging:25.0.2] AndroidManifest.xml:50:13-52:29
210-->[com.google.firebase:firebase-messaging:25.0.2] AndroidManifest.xml:50:28-51
211                <action android:name="com.google.firebase.MESSAGING_EVENT" />
211-->[com.google.firebase:firebase-messaging:25.0.2] AndroidManifest.xml:51:17-78
211-->[com.google.firebase:firebase-messaging:25.0.2] AndroidManifest.xml:51:25-75
212            </intent-filter>
213        </service>
214        <service
214-->[com.google.firebase:firebase-messaging:25.0.2] AndroidManifest.xml:54:9-63:19
215            android:name="com.google.firebase.components.ComponentDiscoveryService"
215-->[com.google.firebase:firebase-messaging:25.0.2] AndroidManifest.xml:55:13-84
216            android:directBootAware="true"
216-->[com.google.firebase:firebase-common:22.0.1] AndroidManifest.xml:32:13-43
217            android:exported="false" >
217-->[com.google.firebase:firebase-messaging:25.0.2] AndroidManifest.xml:56:13-37
218            <meta-data
218-->[com.google.firebase:firebase-messaging:25.0.2] AndroidManifest.xml:57:13-59:85
219                android:name="com.google.firebase.components:com.google.firebase.messaging.FirebaseMessagingKtxRegistrar"
219-->[com.google.firebase:firebase-messaging:25.0.2] AndroidManifest.xml:58:17-122
220                android:value="com.google.firebase.components.ComponentRegistrar" />
220-->[com.google.firebase:firebase-messaging:25.0.2] AndroidManifest.xml:59:17-82
221            <meta-data
221-->[com.google.firebase:firebase-messaging:25.0.2] AndroidManifest.xml:60:13-62:85
222                android:name="com.google.firebase.components:com.google.firebase.messaging.FirebaseMessagingRegistrar"
222-->[com.google.firebase:firebase-messaging:25.0.2] AndroidManifest.xml:61:17-119
223                android:value="com.google.firebase.components.ComponentRegistrar" />
223-->[com.google.firebase:firebase-messaging:25.0.2] AndroidManifest.xml:62:17-82
224            <meta-data
224-->[com.google.firebase:firebase-installations:19.1.0] AndroidManifest.xml:15:13-17:85
225                android:name="com.google.firebase.components:com.google.firebase.installations.FirebaseInstallationsKtxRegistrar"
225-->[com.google.firebase:firebase-installations:19.1.0] AndroidManifest.xml:16:17-130
226                android:value="com.google.firebase.components.ComponentRegistrar" />
226-->[com.google.firebase:firebase-installations:19.1.0] AndroidManifest.xml:17:17-82
227            <meta-data
227-->[com.google.firebase:firebase-installations:19.1.0] AndroidManifest.xml:18:13-20:85
228                android:name="com.google.firebase.components:com.google.firebase.installations.FirebaseInstallationsRegistrar"
228-->[com.google.firebase:firebase-installations:19.1.0] AndroidManifest.xml:19:17-127
229                android:value="com.google.firebase.components.ComponentRegistrar" />
229-->[com.google.firebase:firebase-installations:19.1.0] AndroidManifest.xml:20:17-82
230            <meta-data
230-->[com.google.firebase:firebase-common:22.0.1] AndroidManifest.xml:35:13-37:85
231                android:name="com.google.firebase.components:com.google.firebase.FirebaseCommonKtxRegistrar"
231-->[com.google.firebase:firebase-common:22.0.1] AndroidManifest.xml:36:17-109
232                android:value="com.google.firebase.components.ComponentRegistrar" />
232-->[com.google.firebase:firebase-common:22.0.1] AndroidManifest.xml:37:17-82
233            <meta-data
233-->[com.google.firebase:firebase-datatransport:18.2.0] AndroidManifest.xml:25:13-27:85
234                android:name="com.google.firebase.components:com.google.firebase.datatransport.TransportRegistrar"
234-->[com.google.firebase:firebase-datatransport:18.2.0] AndroidManifest.xml:26:17-115
235                android:value="com.google.firebase.components.ComponentRegistrar" />
235-->[com.google.firebase:firebase-datatransport:18.2.0] AndroidManifest.xml:27:17-82
236        </service>
237
238        <provider
238-->[com.google.firebase:firebase-common:22.0.1] AndroidManifest.xml:23:9-28:39
239            android:name="com.google.firebase.provider.FirebaseInitProvider"
239-->[com.google.firebase:firebase-common:22.0.1] AndroidManifest.xml:24:13-77
240            android:authorities="app.minhai.www.twa.firebaseinitprovider"
240-->[com.google.firebase:firebase-common:22.0.1] AndroidManifest.xml:25:13-72
241            android:directBootAware="true"
241-->[com.google.firebase:firebase-common:22.0.1] AndroidManifest.xml:26:13-43
242            android:exported="false"
242-->[com.google.firebase:firebase-common:22.0.1] AndroidManifest.xml:27:13-37
243            android:initOrder="100" />
243-->[com.google.firebase:firebase-common:22.0.1] AndroidManifest.xml:28:13-36
244
245        <service
245-->[com.google.android.datatransport:transport-backend-cct:3.1.9] AndroidManifest.xml:28:9-34:19
246            android:name="com.google.android.datatransport.runtime.backends.TransportBackendDiscovery"
246-->[com.google.android.datatransport:transport-backend-cct:3.1.9] AndroidManifest.xml:29:13-103
247            android:exported="false" >
247-->[com.google.android.datatransport:transport-backend-cct:3.1.9] AndroidManifest.xml:30:13-37
248            <meta-data
248-->[com.google.android.datatransport:transport-backend-cct:3.1.9] AndroidManifest.xml:31:13-33:39
249                android:name="backend:com.google.android.datatransport.cct.CctBackendFactory"
249-->[com.google.android.datatransport:transport-backend-cct:3.1.9] AndroidManifest.xml:32:17-94
250                android:value="cct" />
250-->[com.google.android.datatransport:transport-backend-cct:3.1.9] AndroidManifest.xml:33:17-36
251        </service>
252        <service
252-->[com.google.android.datatransport:transport-runtime:3.1.9] AndroidManifest.xml:26:9-30:19
253            android:name="com.google.android.datatransport.runtime.scheduling.jobscheduling.JobInfoSchedulerService"
253-->[com.google.android.datatransport:transport-runtime:3.1.9] AndroidManifest.xml:27:13-117
254            android:exported="false"
254-->[com.google.android.datatransport:transport-runtime:3.1.9] AndroidManifest.xml:28:13-37
255            android:permission="android.permission.BIND_JOB_SERVICE" >
255-->[com.google.android.datatransport:transport-runtime:3.1.9] AndroidManifest.xml:29:13-69
256        </service>
257
258        <receiver
258-->[com.google.android.datatransport:transport-runtime:3.1.9] AndroidManifest.xml:32:9-34:40
259            android:name="com.google.android.datatransport.runtime.scheduling.jobscheduling.AlarmManagerSchedulerBroadcastReceiver"
259-->[com.google.android.datatransport:transport-runtime:3.1.9] AndroidManifest.xml:33:13-132
260            android:exported="false" />
260-->[com.google.android.datatransport:transport-runtime:3.1.9] AndroidManifest.xml:34:13-37
261
262        <activity
262-->[com.google.android.gms:play-services-base:18.9.0] AndroidManifest.xml:20:9-22:45
263            android:name="com.google.android.gms.common.api.GoogleApiActivity"
263-->[com.google.android.gms:play-services-base:18.9.0] AndroidManifest.xml:20:19-85
264            android:exported="false"
264-->[com.google.android.gms:play-services-base:18.9.0] AndroidManifest.xml:22:19-43
265            android:theme="@android:style/Theme.Translucent.NoTitleBar" />
265-->[com.google.android.gms:play-services-base:18.9.0] AndroidManifest.xml:21:19-78
266
267        <meta-data
267-->[com.google.android.gms:play-services-basement:18.9.0] AndroidManifest.xml:21:9-23:69
268            android:name="com.google.android.gms.version"
268-->[com.google.android.gms:play-services-basement:18.9.0] AndroidManifest.xml:22:13-58
269            android:value="@integer/google_play_services_version" />
269-->[com.google.android.gms:play-services-basement:18.9.0] AndroidManifest.xml:23:13-66
270
271        <provider
271-->[androidx.emoji2:emoji2:1.3.0] AndroidManifest.xml:24:9-32:20
272            android:name="androidx.startup.InitializationProvider"
272-->[androidx.emoji2:emoji2:1.3.0] AndroidManifest.xml:25:13-67
273            android:authorities="app.minhai.www.twa.androidx-startup"
273-->[androidx.emoji2:emoji2:1.3.0] AndroidManifest.xml:26:13-68
274            android:exported="false" >
274-->[androidx.emoji2:emoji2:1.3.0] AndroidManifest.xml:27:13-37
275            <meta-data
275-->[androidx.emoji2:emoji2:1.3.0] AndroidManifest.xml:29:13-31:52
276                android:name="androidx.emoji2.text.EmojiCompatInitializer"
276-->[androidx.emoji2:emoji2:1.3.0] AndroidManifest.xml:30:17-75
277                android:value="androidx.startup" />
277-->[androidx.emoji2:emoji2:1.3.0] AndroidManifest.xml:31:17-49
278            <meta-data
278-->[androidx.lifecycle:lifecycle-process:2.6.2] AndroidManifest.xml:29:13-31:52
279                android:name="androidx.lifecycle.ProcessLifecycleInitializer"
279-->[androidx.lifecycle:lifecycle-process:2.6.2] AndroidManifest.xml:30:17-78
280                android:value="androidx.startup" />
280-->[androidx.lifecycle:lifecycle-process:2.6.2] AndroidManifest.xml:31:17-49
281            <meta-data
281-->[androidx.profileinstaller:profileinstaller:1.3.1] AndroidManifest.xml:29:13-31:52
282                android:name="androidx.profileinstaller.ProfileInstallerInitializer"
282-->[androidx.profileinstaller:profileinstaller:1.3.1] AndroidManifest.xml:30:17-85
283                android:value="androidx.startup" />
283-->[androidx.profileinstaller:profileinstaller:1.3.1] AndroidManifest.xml:31:17-49
284        </provider>
285
286        <receiver
286-->[androidx.profileinstaller:profileinstaller:1.3.1] AndroidManifest.xml:34:9-52:20
287            android:name="androidx.profileinstaller.ProfileInstallReceiver"
287-->[androidx.profileinstaller:profileinstaller:1.3.1] AndroidManifest.xml:35:13-76
288            android:directBootAware="false"
288-->[androidx.profileinstaller:profileinstaller:1.3.1] AndroidManifest.xml:36:13-44
289            android:enabled="true"
289-->[androidx.profileinstaller:profileinstaller:1.3.1] AndroidManifest.xml:37:13-35
290            android:exported="true"
290-->[androidx.profileinstaller:profileinstaller:1.3.1] AndroidManifest.xml:38:13-36
291            android:permission="android.permission.DUMP" >
291-->[androidx.profileinstaller:profileinstaller:1.3.1] AndroidManifest.xml:39:13-57
292            <intent-filter>
292-->[androidx.profileinstaller:profileinstaller:1.3.1] AndroidManifest.xml:40:13-42:29
293                <action android:name="androidx.profileinstaller.action.INSTALL_PROFILE" />
293-->[androidx.profileinstaller:profileinstaller:1.3.1] AndroidManifest.xml:41:17-91
293-->[androidx.profileinstaller:profileinstaller:1.3.1] AndroidManifest.xml:41:25-88
294            </intent-filter>
295            <intent-filter>
295-->[androidx.profileinstaller:profileinstaller:1.3.1] AndroidManifest.xml:43:13-45:29
296                <action android:name="androidx.profileinstaller.action.SKIP_FILE" />
296-->[androidx.profileinstaller:profileinstaller:1.3.1] AndroidManifest.xml:44:17-85
296-->[androidx.profileinstaller:profileinstaller:1.3.1] AndroidManifest.xml:44:25-82
297            </intent-filter>